isetup
dates
msver2
creat3
peekpoke
upper
strlen
memcpy
memchr
builtin
memcmp
_pi
stringi
_pi_2
strrchr
_adx
printf
fprintf
fabs
strchr
memset
strupr
strlwr
lmove
strcpy
strset
sprintf
strcat
strcmp
memicmp
access
strdup
memmove
log10
exp10
strrev
setjmp
atol
bsearch
frexp
system
umuldiv
strtok
chdir
itoa
ctype
strstr
ltoa
modf
getenv
muldiv
newlib
malloc
chsize
rerrno
mtan
floor
qsort
moverlay
rand
atan2
foutput
strtod
float
putenv
atan
abort
strtol
overlay
asin
finput
_doprint
fstuff
fscanf
sin
pow
tan
_aintrnd
scanf
log
exp
sqrt
_intrnd
ldexp
ecvt
_doscan
